#
# There is insufficient memory for the Java Runtime Environment to continue.
# Native memory allocation (mmap) failed to map 65536 bytes for Failed to commit metaspace.
# Possible reasons:
#   The system is out of physical RAM or swap space
#   The process is running with CompressedOops enabled, and the Java Heap may be blocking the growth of the native heap
# Possible solutions:
#   Reduce memory load on the system
#   Increase physical memory or swap space
#   Check if swap backing store is full
#   Decrease Java heap size (-Xmx/-Xms)
#   Decrease number of Java threads
#   Decrease Java thread stack sizes (-Xss)
#   Set larger code cache with -XX:ReservedCodeCacheSize=
#   JVM is running with Unscaled Compressed Oops mode in which the Java heap is
#     placed in the first 4GB address space. The Java Heap base address is the
#     maximum limit for the native heap growth. Please use -XX:HeapBaseMinAddress
#     to set the Java Heap base and to place the Java Heap above 4GB virtual address.
# This output file may be truncated or incomplete.
#
#  Out of Memory Error (virtualSpaceNode.cpp:112), pid=51192, tid=53072
#
# JRE version: Java(TM) SE Runtime Environment (21.0.2+13) (build 21.0.2+13-LTS-58)
# Java VM: Java HotSpot(TM) 64-Bit Server VM (21.0.2+13-LTS-58, mixed mode, sharing, tiered, compressed oops, compressed class ptrs, g1 gc, windows-amd64)
# No core dump will be written. Minidumps are not enabled by default on client versions of Windows
#

---------------  S U M M A R Y ------------

Command Line: -Dapplication.home=C:\Program Files\Java\jdk-21 --add-modules=ALL-DEFAULT -Xms8m -Djdk.module.main=jdk.compiler jdk.compiler/com.sun.tools.javac.Main LoginFrame.java

Host: 12th Gen Intel(R) Core(TM) i5-12450H, 12 cores, 7G,  Windows 11 , 64 bit Build 22621 (10.0.22621.4391)
Time: Mon Dec  2 22:29:18 2024 Malay Peninsula Standard Time elapsed time: 0.382895 seconds (0d 0h 0m 0s)

---------------  T H R E A D  ---------------

Current thread (0x0000017d8b57f2b0):  JavaThread "main"             [_thread_in_vm, id=53072, stack(0x00000063db800000,0x00000063db900000) (1024K)]

Stack: [0x00000063db800000,0x00000063db900000]
Native frames: (J=compiled Java code, j=interpreted, Vv=VM code, C=native code)
V  [jvm.dll+0x6cade9]
V  [jvm.dll+0x8569c1]
V  [jvm.dll+0x858d2e]
V  [jvm.dll+0x859413]
V  [jvm.dll+0x280e56]
V  [jvm.dll+0x8526ee]
V  [jvm.dll+0x66e705]
V  [jvm.dll+0x66e76a]
V  [jvm.dll+0x670f96]
V  [jvm.dll+0x670e62]
V  [jvm.dll+0x66f0de]
V  [jvm.dll+0x26c721]
V  [jvm.dll+0x218617]
V  [jvm.dll+0x20dd9e]
V  [jvm.dll+0x5ad3dc]
V  [jvm.dll+0x21f76a]
V  [jvm.dll+0x7cec21]
V  [jvm.dll+0x7cfc85]
V  [jvm.dll+0x7d0440]
V  [jvm.dll+0x218ecc]
V  [jvm.dll+0x20ddb7]
V  [jvm.dll+0x5ad3dc]
V  [jvm.dll+0x21f76a]
V  [jvm.dll+0x7cec21]
V  [jvm.dll+0x7cfc85]
V  [jvm.dll+0x7d0440]
V  [jvm.dll+0x218ecc]
V  [jvm.dll+0x20ddb7]
V  [jvm.dll+0x5ad3dc]
V  [jvm.dll+0x21f76a]
V  [jvm.dll+0x7cec21]
V  [jvm.dll+0x7cfc85]
V  [jvm.dll+0x7d022f]
V  [jvm.dll+0x7cfed8]
V  [jvm.dll+0x26ed7b]
V  [jvm.dll+0x3d3c0e]
C  0x0000017d9af2a7ff

The last pc belongs to new (printed below).
Java frames: (J=compiled Java code, j=interpreted, Vv=VM code)
j  sun.net.www.protocol.jrt.Handler.openConnection(Ljava/net/URL;)Ljava/net/URLConnection;+0 java.base@21.0.2
j  java.net.URL.openConnection()Ljava/net/URLConnection;+5 java.base@21.0.2
j  java.util.ServiceLoader$LazyClassPathLookupIterator.parse(Ljava/net/URL;)Ljava/util/Iterator;+9 java.base@21.0.2
j  java.util.ServiceLoader$LazyClassPathLookupIterator.nextProviderClass()Ljava/lang/Class;+176 java.base@21.0.2
j  java.util.ServiceLoader$LazyClassPathLookupIterator.hasNextService()Z+15 java.base@21.0.2
j  java.util.ServiceLoader$LazyClassPathLookupIterator.hasNext()Z+11 java.base@21.0.2
j  java.util.ServiceLoader$2.hasNext()Z+16 java.base@21.0.2
j  java.util.ServiceLoader$3.hasNext()Z+32 java.base@21.0.2
j  java.nio.file.spi.FileSystemProvider.loadInstalledProviders()Ljava/util/List;+23 java.base@21.0.2
j  java.nio.file.spi.FileSystemProvider$1.run()Ljava/util/List;+0 java.base@21.0.2
j  java.nio.file.spi.FileSystemProvider$1.run()Ljava/lang/Object;+1 java.base@21.0.2
j  java.security.AccessController.executePrivileged(Ljava/security/PrivilegedAction;Ljava/security/AccessControlContext;Ljava/lang/Class;)Ljava/lang/Object;+29 java.base@21.0.2
j  java.security.AccessController.doPrivileged(Ljava/security/PrivilegedAction;)Ljava/lang/Object;+5 java.base@21.0.2
j  java.nio.file.spi.FileSystemProvider.installedProviders()Ljava/util/List;+52 java.base@21.0.2
j  java.nio.file.FileSystems.getFileSystem(Ljava/net/URI;)Ljava/nio/file/FileSystem;+21 java.base@21.0.2
j  com.sun.tools.javac.file.JRTIndex.isAvailable()Z+5 jdk.compiler@21.0.2
j  com.sun.tools.javac.code.ClassFinder.<init>(Lcom/sun/tools/javac/util/Context;)V+300 jdk.compiler@21.0.2
j  com.sun.tools.javac.code.ClassFinder.instance(Lcom/sun/tools/javac/util/Context;)Lcom/sun/tools/javac/code/ClassFinder;+20 jdk.compiler@21.0.2
j  com.sun.tools.javac.main.JavaCompiler.<init>(Lcom/sun/tools/javac/util/Context;)V+130 jdk.compiler@21.0.2
j  com.sun.tools.javac.main.JavaCompiler.instance(Lcom/sun/tools/javac/util/Context;)Lcom/sun/tools/javac/main/JavaCompiler;+20 jdk.compiler@21.0.2
j  com.sun.tools.javac.processing.JavacProcessingEnvironment.<init>(Lcom/sun/tools/javac/util/Context;)V+125 jdk.compiler@21.0.2
j  com.sun.tools.javac.processing.JavacProcessingEnvironment.instance(Lcom/sun/tools/javac/util/Context;)Lcom/sun/tools/javac/processing/JavacProcessingEnvironment;+19 jdk.compiler@21.0.2
j  com.sun.tools.javac.api.BasicJavacTask.initPlugins(Ljava/util/Set;)V+148 jdk.compiler@21.0.2
j  com.sun.tools.javac.main.Main.compile([Ljava/lang/String;Lcom/sun/tools/javac/util/Context;)Lcom/sun/tools/javac/main/Main$Result;+475 jdk.compiler@21.0.2
j  com.sun.tools.javac.main.Main.compile([Ljava/lang/String;)Lcom/sun/tools/javac/main/Main$Result;+15 jdk.compiler@21.0.2
j  com.sun.tools.javac.Main.compile([Ljava/lang/String;)I+12 jdk.compiler@21.0.2
j  com.sun.tools.javac.Main.main([Ljava/lang/String;)V+1 jdk.compiler@21.0.2
v  ~StubRoutines::call_stub 0x0000017d9af1100d
new  187 new  [0x0000017d9af2a680, 0x0000017d9af2a888]  520 bytes
[MachCode]
  0x0000017d9af2a680: 4883 ec08 | c5fa 1104 | 24eb 1f48 | 83ec 10c5 | fb11 0424 | eb14 4883 | ec10 4889 | 0424 48c7 
  0x0000017d9af2a6a0: 4424 0800 | 0000 00eb | 0150 410f | b755 010f | cac1 ea10 | 488b 4de8 | 488b 4908 | 488b 4908 
  0x0000017d9af2a6c0: 488b 4108 | 807c 1004 | 070f 85d3 | 0000 0066 | 8b54 d148 | 488b 4928 | 488b 4cd1 | 0851 80b9 
  0x0000017d9af2a6e0: 2001 0000 | 050f 85b6 | 0000 008b | 5108 f6c2 | 010f 85aa | 0000 0049 | 8b87 b801 | 0000 488d 
  0x0000017d9af2a700: 1c10 493b | 9fc8 0100 | 000f 8792 | 0000 0049 | 899f b801 | 0000 4883 | ea10 0f84 | 0f00 0000 
  0x0000017d9af2a720: 33c9 c1ea | 0348 894c | d008 48ff | ca75 f648 | c700 0100 | 0000 5933 | f689 700c | 49ba 0000 
  0x0000017d9af2a740: 00a9 7d01 | 0000 492b | ca89 4808 | 49ba fa45 | a768 fb7f | 0000 4180 | 3a00 0f84 | 3c00 0000 
  0x0000017d9af2a760: 5048 8bc8 | 4883 ec20 | 40f6 c40f | 0f84 1900 | 0000 4883 | ec08 48b8 | 8009 5868 | fb7f 0000 
  0x0000017d9af2a780: ffd0 4883 | c408 e90c | 0000 0048 | b880 0958 | 68fb 7f00 | 00ff d048 | 83c4 2058 | e9cb 0000 
  0x0000017d9af2a7a0: 0059 488b | 55e8 488b | 5208 488b | 5208 450f | b745 0141 | 0fc8 41c1 | e810 e805 | 0000 00e9 
  0x0000017d9af2a7c0: a800 0000 | 488d 4424 | 084c 896d | c049 8bcf | c5f8 7749 | 89af a803 | 0000 4989 | 8798 0300 
  0x0000017d9af2a7e0: 0048 83ec | 2040 f6c4 | 0f0f 8419 | 0000 0048 | 83ec 0848 | b8c0 3b22 | 68fb 7f00 | 00ff d048 
  0x0000017d9af2a800: 83c4 08e9 | 0c00 0000 | 48b8 c03b | 2268 fb7f | 0000 ffd0 | 4883 c420 | 49c7 8798 | 0300 0000 
  0x0000017d9af2a820: 0000 0049 | c787 a803 | 0000 0000 | 0000 49c7 | 87a0 0300 | 0000 0000 | 00c5 f877 | 4983 7f08 
  0x0000017d9af2a840: 000f 8405 | 0000 00e9 | b466 feff | 498b 87f0 | 0300 0049 | c787 f003 | 0000 0000 | 0000 4c8b 
  0x0000017d9af2a860: 6dc0 4c8b | 75c8 4e8d | 74f5 00c3 | 410f b65d | 0349 83c5 | 0349 ba00 | 07aa 68fb | 7f00 0041 
  0x0000017d9af2a880: ff24 da0f | 1f44 0000 
[/MachCode]

---------------  P R O C E S S  ---------------

Threads class SMR info:
_java_thread_list=0x0000017da845b440, length=11, elements={
0x0000017d8b57f2b0, 0x0000017da81ab7e0, 0x0000017da81aed30, 0x0000017da81b4d00,
0x0000017da81b70c0, 0x0000017da81b7f30, 0x0000017da81baee0, 0x0000017da81c5b90,
0x0000017da81cec90, 0x0000017da81bb570, 0x0000017da81ba850
}

Java Threads: ( => current thread )
=>0x0000017d8b57f2b0 JavaThread "main"                              [_thread_in_vm, id=53072, stack(0x00000063db800000,0x00000063db900000) (1024K)]
  0x0000017da81ab7e0 JavaThread "Reference Handler"          daemon [_thread_blocked, id=6696, stack(0x00000063dc000000,0x00000063dc100000) (1024K)]
  0x0000017da81aed30 JavaThread "Finalizer"                  daemon [_thread_blocked, id=54460, stack(0x00000063dc100000,0x00000063dc200000) (1024K)]
  0x0000017da81b4d00 JavaThread "Signal Dispatcher"          daemon [_thread_blocked, id=52752, stack(0x00000063dc200000,0x00000063dc300000) (1024K)]
  0x0000017da81b70c0 JavaThread "Attach Listener"            daemon [_thread_blocked, id=30408, stack(0x00000063dc300000,0x00000063dc400000) (1024K)]
  0x0000017da81b7f30 JavaThread "Service Thread"             daemon [_thread_blocked, id=50708, stack(0x00000063dc400000,0x00000063dc500000) (1024K)]
  0x0000017da81baee0 JavaThread "Monitor Deflation Thread"   daemon [_thread_blocked, id=53384, stack(0x00000063dc500000,0x00000063dc600000) (1024K)]
  0x0000017da81c5b90 JavaThread "C2 CompilerThread0"         daemon [_thread_blocked, id=53324, stack(0x00000063dc600000,0x00000063dc700000) (1024K)]
  0x0000017da81cec90 JavaThread "C1 CompilerThread0"         daemon [_thread_blocked, id=46140, stack(0x00000063dc700000,0x00000063dc800000) (1024K)]
  0x0000017da81bb570 JavaThread "Common-Cleaner"             daemon [_thread_blocked, id=30848, stack(0x00000063dc800000,0x00000063dc900000) (1024K)]
  0x0000017da81ba850 JavaThread "Notification Thread"        daemon [_thread_blocked, id=53936, stack(0x00000063dc900000,0x00000063dca00000) (1024K)]
Total: 11

Other Threads:
  0x0000017d892ed940 VMThread "VM Thread"                           [id=53968, stack(0x00000063dbf00000,0x00000063dc000000) (1024K)]
  0x0000017da818b9c0 WatcherThread "VM Periodic Task Thread"        [id=54236, stack(0x00000063dbe00000,0x00000063dbf00000) (1024K)]
  0x0000017d892ee420 WorkerThread "GC Thread#0"                     [id=49900, stack(0x00000063db900000,0x00000063dba00000) (1024K)]
  0x0000017d892edce0 WorkerThread "GC Thread#1"                     [id=54496, stack(0x00000063dca00000,0x00000063dcb00000) (1024K)]
  0x0000017d892ed5a0 WorkerThread "GC Thread#2"                     [id=54300, stack(0x00000063dcb00000,0x00000063dcc00000) (1024K)]
  0x0000017d892ee7c0 WorkerThread "GC Thread#3"                     [id=53024, stack(0x00000063dcc00000,0x00000063dcd00000) (1024K)]
  0x0000017da87d9930 WorkerThread "GC Thread#4"                     [id=52692, stack(0x00000063dcd00000,0x00000063dce00000) (1024K)]
  0x0000017d8b5dfc10 ConcurrentGCThread "G1 Main Marker"            [id=52920, stack(0x00000063dba00000,0x00000063dbb00000) (1024K)]
  0x0000017d892ed200 WorkerThread "G1 Conc#0"                       [id=50848, stack(0x00000063dbb00000,0x00000063dbc00000) (1024K)]
  0x0000017d8b61cc80 ConcurrentGCThread "G1 Refine#0"               [id=53344, stack(0x00000063dbc00000,0x00000063dbd00000) (1024K)]
  0x0000017d8b61d7f0 ConcurrentGCThread "G1 Service"                [id=53100, stack(0x00000063dbd00000,0x00000063dbe00000) (1024K)]
Total: 11

Threads with active compile tasks:
Total: 0

VM state: not at safepoint (normal execution)

VM Mutex/Monitor currently owned by a thread:  ([mutex/lock_event])
[0x00007ffb68a8ace8] Metaspace_lock - owner thread: 0x0000017d8b57f2b0

Heap address: 0x0000000084800000, size: 1976 MB, Compressed Oops mode: 32-bit

CDS archive(s) mapped at: [0x0000017da9000000-0x0000017da9c90000-0x0000017da9c90000), size 13172736, SharedBaseAddress: 0x0000017da9000000, ArchiveRelocationMode: 1.
Compressed class space mapped at: 0x0000017daa000000-0x0000017dea000000, reserved size: 1073741824
Narrow klass base: 0x0000017da9000000, Narrow klass shift: 0, Narrow klass range: 0x100000000

GC Precious Log:
 CardTable entry size: 512
 Card Set container configuration: InlinePtr #cards 5 size 8 Array Of Cards #cards 12 size 40 Howl #buckets 4 coarsen threshold 1843 Howl Bitmap #cards 512 size 80 coarsen threshold 460 Card regions per heap region 1 cards per card region 2048
 CPUs: 12 total, 12 available
 Memory: 7896M
 Large Page Support: Disabled
 NUMA Support: Disabled
 Compressed Oops: Enabled (32-bit)
 Heap Region Size: 1M
 Heap Min Capacity: 8M
 Heap Initial Capacity: 8M
 Heap Max Capacity: 1976M
 Pre-touch: Disabled
 Parallel Workers: 10
 Concurrent Workers: 3
 Concurrent Refinement Workers: 10
 Periodic GC: Disabled

Heap:
 garbage-first heap   total 8192K, used 1865K [0x0000000084800000, 0x0000000100000000)
  region size 1024K, 2 young (2048K), 1 survivors (1024K)
 Metaspace       used 6495K, committed 6656K, reserved 1114112K
  class space    used 770K, committed 896K, reserved 1048576K

Heap Regions: E=young(eden), S=young(survivor), O=old, HS=humongous(starts), HC=humongous(continues), CS=collection set, F=free, TAMS=top-at-mark-start, PB=parsable bottom
|   0|0x0000000084800000, 0x0000000084900000, 0x0000000084900000|100%| O|  |TAMS 0x0000000084800000| PB 0x0000000084800000| Untracked 
|   1|0x0000000084900000, 0x000000008494c510, 0x0000000084a00000| 29%| O|  |TAMS 0x0000000084900000| PB 0x0000000084900000| Untracked 
|   2|0x0000000084a00000, 0x0000000084a00000, 0x0000000084b00000|  0%| F|  |TAMS 0x0000000084a00000| PB 0x0000000084a00000| Untracked 
|   3|0x0000000084b00000, 0x0000000084b00000, 0x0000000084c00000|  0%| F|  |TAMS 0x0000000084b00000| PB 0x0000000084b00000| Untracked 
|   4|0x0000000084c00000, 0x0000000084c00000, 0x0000000084d00000|  0%| F|  |TAMS 0x0000000084c00000| PB 0x0000000084c00000| Untracked 
|   5|0x0000000084d00000, 0x0000000084d00000, 0x0000000084e00000|  0%| F|  |TAMS 0x0000000084d00000| PB 0x0000000084d00000| Untracked 
|   6|0x0000000084e00000, 0x0000000084e861d0, 0x0000000084f00000| 52%| S|CS|TAMS 0x0000000084e00000| PB 0x0000000084e00000| Complete 
|   7|0x0000000084f00000, 0x0000000084fcb4a0, 0x0000000085000000| 79%| E|  |TAMS 0x0000000084f00000| PB 0x0000000084f00000| Complete 

Card table byte_map: [0x0000017da3310000,0x0000017da36f0000] _byte_map_base: 0x0000017da2eec000

Marking Bits: (CMBitMap*) 0x0000017d8b5cfa80
 Bits: [0x0000017da36f0000, 0x0000017da55d0000)

Polling page: 0x0000017d8ad40000

Metaspace:

Usage:
  Non-class:      5.59 MB used.
      Class:    770.58 KB used.
       Both:      6.34 MB used.

Virtual space:
  Non-class space:       64.00 MB reserved,       5.62 MB (  9%) committed,  1 nodes.
      Class space:        1.00 GB reserved,     896.00 KB ( <1%) committed,  1 nodes.
             Both:        1.06 GB reserved,       6.50 MB ( <1%) committed. 

Chunk freelists:
   Non-Class:  7.20 MB
       Class:  15.05 MB
        Both:  22.25 MB

MaxMetaspaceSize: unlimited
CompressedClassSpaceSize: 1.00 GB
Initial GC threshold: 21.00 MB
Current GC threshold: 21.00 MB
CDS: on
 - commit_granule_bytes: 65536.
 - commit_granule_words: 8192.
 - virtual_space_node_default_size: 8388608.
 - enlarge_chunks_in_place: 1.
 - use_allocation_guard: 0.


Internal statistics:

num_allocs_failed_limit: 0.
num_arena_births: 48.
num_arena_deaths: 0.
num_vsnodes_births: 2.
num_vsnodes_deaths: 0.
num_space_committed: 104.
num_space_uncommitted: 0.
num_chunks_returned_to_freelist: 0.
num_chunks_taken_from_freelist: 271.
num_chunk_merges: 0.
num_chunk_splits: 202.
num_chunks_enlarged: 164.
num_inconsistent_stats: 0.

CodeHeap 'non-profiled nmethods': size=120000Kb used=187Kb max_used=187Kb free=119812Kb
 bounds [0x0000017d9b4b0000, 0x0000017d9b720000, 0x0000017da29e0000]
CodeHeap 'profiled nmethods': size=120000Kb used=799Kb max_used=799Kb free=119200Kb
 bounds [0x0000017d939e0000, 0x0000017d93c50000, 0x0000017d9af10000]
CodeHeap 'non-nmethods': size=5760Kb used=1297Kb max_used=1311Kb free=4462Kb
 bounds [0x0000017d9af10000, 0x0000017d9b180000, 0x0000017d9b4b0000]
 total_blobs=978 nmethods=567 adapters=316
 compilation: enabled
              stopped_count=0, restarted_count=0
 full_count=0

Compilation events (20 events):
Event: 0.363 Thread 0x0000017da81cec90  556       3       java.lang.invoke.MethodType::toMethodDescriptorString (28 bytes)
Event: 0.363 Thread 0x0000017da81cec90 nmethod 556 0x0000017d93aa2810 code [0x0000017d93aa29c0, 0x0000017d93aa2ba0]
Event: 0.364 Thread 0x0000017da81cec90  557       3       java.lang.Class::descriptorString (170 bytes)
Event: 0.365 Thread 0x0000017da81cec90 nmethod 557 0x0000017d93aa2c90 code [0x0000017d93aa3100, 0x0000017d93aa4878]
Event: 0.365 Thread 0x0000017da81cec90  558       3       sun.invoke.util.BytecodeDescriptor::unparse (24 bytes)
Event: 0.366 Thread 0x0000017da81cec90 nmethod 558 0x0000017d93aa5210 code [0x0000017d93aa53e0, 0x0000017d93aa55e8]
Event: 0.366 Thread 0x0000017da81cec90  559       3       java.lang.invoke.TypeConvertingMethodAdapter::descriptorToName (36 bytes)
Event: 0.366 Thread 0x0000017da81cec90 nmethod 559 0x0000017d93aa5690 code [0x0000017d93aa5920, 0x0000017d93aa64e0]
Event: 0.366 Thread 0x0000017da81cec90  562       3       java.lang.invoke.LambdaForm$NamedFunction::methodType (28 bytes)
Event: 0.367 Thread 0x0000017da81cec90 nmethod 562 0x0000017d93aa6990 code [0x0000017d93aa6b60, 0x0000017d93aa6e80]
Event: 0.370 Thread 0x0000017da81cec90  563       3       java.util.Arrays::copyOf (40 bytes)
Event: 0.370 Thread 0x0000017da81cec90 nmethod 563 0x0000017d93aa6f90 code [0x0000017d93aa71a0, 0x0000017d93aa7870]
Event: 0.370 Thread 0x0000017da81cec90  564       3       java.util.HashMap$ValueIterator::next (8 bytes)
Event: 0.371 Thread 0x0000017da81cec90 nmethod 564 0x0000017d93aa7a90 code [0x0000017d93aa7c40, 0x0000017d93aa7d80]
Event: 0.371 Thread 0x0000017da81cec90  565       1       java.lang.Module::getDescriptor (5 bytes)
Event: 0.371 Thread 0x0000017da81cec90 nmethod 565 0x0000017d9b4de210 code [0x0000017d9b4de3a0, 0x0000017d9b4de468]
Event: 0.375 Thread 0x0000017da81c5b90  567       4       java.lang.Object::<init> (1 bytes)
Event: 0.375 Thread 0x0000017da81cec90  568       1       java.lang.reflect.Method::getName (5 bytes)
Event: 0.375 Thread 0x0000017da81cec90 nmethod 568 0x0000017d9b4de910 code [0x0000017d9b4deaa0, 0x0000017d9b4deb68]
Event: 0.376 Thread 0x0000017da81c5b90 nmethod 567 0x0000017d9b4dec10 code [0x0000017d9b4deda0, 0x0000017d9b4dee68]

GC Heap History (4 events):
Event: 0.207 GC heap before
{Heap before GC invocations=0 (full 0):
 garbage-first heap   total 8192K, used 2048K [0x0000000084800000, 0x0000000100000000)
  region size 1024K, 3 young (3072K), 0 survivors (0K)
 Metaspace       used 2619K, committed 2752K, reserved 1114112K
  class space    used 341K, committed 384K, reserved 1048576K
}
Event: 0.211 GC heap after
{Heap after GC invocations=1 (full 0):
 garbage-first heap   total 8192K, used 1312K [0x0000000084800000, 0x0000000100000000)
  region size 1024K, 1 young (1024K), 1 survivors (1024K)
 Metaspace       used 2619K, committed 2752K, reserved 1114112K
  class space    used 341K, committed 384K, reserved 1048576K
}
Event: 0.317 GC heap before
{Heap before GC invocations=1 (full 0):
 garbage-first heap   total 8192K, used 2336K [0x0000000084800000, 0x0000000100000000)
  region size 1024K, 2 young (2048K), 1 survivors (1024K)
 Metaspace       used 5452K, committed 5632K, reserved 1114112K
  class space    used 656K, committed 704K, reserved 1048576K
}
Event: 0.321 GC heap after
{Heap after GC invocations=2 (full 0):
 garbage-first heap   total 8192K, used 1865K [0x0000000084800000, 0x0000000100000000)
  region size 1024K, 1 young (1024K), 1 survivors (1024K)
 Metaspace       used 5452K, committed 5632K, reserved 1114112K
  class space    used 656K, committed 704K, reserved 1048576K
}

Dll operation events (5 events):
Event: 0.009 Loaded shared library C:\Program Files\Java\jdk-21\bin\java.dll
Event: 0.048 Loaded shared library C:\Program Files\Java\jdk-21\bin\jsvml.dll
Event: 0.084 Loaded shared library C:\Program Files\Java\jdk-21\bin\jimage.dll
Event: 0.155 Loaded shared library C:\Program Files\Java\jdk-21\bin\net.dll
Event: 0.157 Loaded shared library C:\Program Files\Java\jdk-21\bin\nio.dll

Deoptimization events (20 events):
Event: 0.149 Thread 0x0000017d8b57f2b0 Uncommon trap: trap_request=0xffffffc6 fr.pc=0x0000017d9b4bde68 relative=0x0000000000000b08
Event: 0.149 Thread 0x0000017d8b57f2b0 Uncommon trap: reason=bimorphic_or_optimized_type_check action=maybe_recompile pc=0x0000017d9b4bde68 method=java.util.HashMap.putVal(ILjava/lang/Object;Ljava/lang/Object;ZZ)Ljava/lang/Object; @ 56 c2
Event: 0.149 Thread 0x0000017d8b57f2b0 DEOPT PACKING pc=0x0000017d9b4bde68 sp=0x00000063db8fe270
Event: 0.149 Thread 0x0000017d8b57f2b0 DEOPT UNPACKING pc=0x0000017d9af646a2 sp=0x00000063db8fe208 mode 2
Event: 0.149 Thread 0x0000017d8b57f2b0 Uncommon trap: trap_request=0xffffffc6 fr.pc=0x0000017d9b4bde68 relative=0x0000000000000b08
Event: 0.149 Thread 0x0000017d8b57f2b0 Uncommon trap: reason=bimorphic_or_optimized_type_check action=maybe_recompile pc=0x0000017d9b4bde68 method=java.util.HashMap.putVal(ILjava/lang/Object;Ljava/lang/Object;ZZ)Ljava/lang/Object; @ 56 c2
Event: 0.149 Thread 0x0000017d8b57f2b0 DEOPT PACKING pc=0x0000017d9b4bde68 sp=0x00000063db8fe270
Event: 0.149 Thread 0x0000017d8b57f2b0 DEOPT UNPACKING pc=0x0000017d9af646a2 sp=0x00000063db8fe208 mode 2
Event: 0.149 Thread 0x0000017d8b57f2b0 Uncommon trap: trap_request=0xffffffc6 fr.pc=0x0000017d9b4bde68 relative=0x0000000000000b08
Event: 0.149 Thread 0x0000017d8b57f2b0 Uncommon trap: reason=bimorphic_or_optimized_type_check action=maybe_recompile pc=0x0000017d9b4bde68 method=java.util.HashMap.putVal(ILjava/lang/Object;Ljava/lang/Object;ZZ)Ljava/lang/Object; @ 56 c2
Event: 0.149 Thread 0x0000017d8b57f2b0 DEOPT PACKING pc=0x0000017d9b4bde68 sp=0x00000063db8fe270
Event: 0.149 Thread 0x0000017d8b57f2b0 DEOPT UNPACKING pc=0x0000017d9af646a2 sp=0x00000063db8fe208 mode 2
Event: 0.149 Thread 0x0000017d8b57f2b0 Uncommon trap: trap_request=0xffffffc6 fr.pc=0x0000017d9b4bde68 relative=0x0000000000000b08
Event: 0.149 Thread 0x0000017d8b57f2b0 Uncommon trap: reason=bimorphic_or_optimized_type_check action=maybe_recompile pc=0x0000017d9b4bde68 method=java.util.HashMap.putVal(ILjava/lang/Object;Ljava/lang/Object;ZZ)Ljava/lang/Object; @ 56 c2
Event: 0.149 Thread 0x0000017d8b57f2b0 DEOPT PACKING pc=0x0000017d9b4bde68 sp=0x00000063db8fe270
Event: 0.149 Thread 0x0000017d8b57f2b0 DEOPT UNPACKING pc=0x0000017d9af646a2 sp=0x00000063db8fe208 mode 2
Event: 0.196 Thread 0x0000017d8b57f2b0 DEOPT PACKING pc=0x0000017d93a09a78 sp=0x00000063db8f8fd0
Event: 0.196 Thread 0x0000017d8b57f2b0 DEOPT UNPACKING pc=0x0000017d9af64e42 sp=0x00000063db8f83f0 mode 0
Event: 0.236 Thread 0x0000017d8b57f2b0 DEOPT PACKING pc=0x0000017d93a02958 sp=0x00000063db8fa3e0
Event: 0.236 Thread 0x0000017d8b57f2b0 DEOPT UNPACKING pc=0x0000017d9af64e42 sp=0x00000063db8f9848 mode 0

Classes loaded (20 events):
Event: 0.373 Loading class java/nio/file/FileStore done
Event: 0.373 Loading class java/nio/channels/FileChannel
Event: 0.374 Loading class java/nio/channels/GatheringByteChannel
Event: 0.374 Loading class java/nio/channels/GatheringByteChannel done
Event: 0.374 Loading class java/nio/channels/ScatteringByteChannel
Event: 0.374 Loading class java/nio/channels/ScatteringByteChannel done
Event: 0.374 Loading class java/nio/channels/spi/AbstractInterruptibleChannel
Event: 0.374 Loading class java/nio/channels/InterruptibleChannel
Event: 0.374 Loading class java/nio/channels/InterruptibleChannel done
Event: 0.374 Loading class java/nio/channels/spi/AbstractInterruptibleChannel done
Event: 0.374 Loading class java/nio/channels/FileChannel done
Event: 0.374 Loading class java/nio/channels/AsynchronousFileChannel
Event: 0.374 Loading class java/nio/channels/AsynchronousChannel
Event: 0.374 Loading class java/nio/channels/AsynchronousChannel done
Event: 0.374 Loading class java/nio/channels/AsynchronousFileChannel done
Event: 0.374 Loading class jdk/internal/jrtfs/JrtFileSystemProvider
Event: 0.375 Loading class jdk/internal/jrtfs/JrtFileSystemProvider done
Event: 0.376 Loading class sun/net/www/protocol/jrt/JavaRuntimeURLConnection
Event: 0.376 Loading class sun/net/www/URLConnection
Event: 0.376 Loading class java/net/URLConnection

Classes unloaded (0 events):
No events

Classes redefined (0 events):
No events

Internal exceptions (10 events):
Event: 0.146 Thread 0x0000017d8b57f2b0 Exception <a 'java/lang/NoSuchMethodError'{0x0000000084efd1c0}: 'void java.lang.invoke.DirectMethodHandle$Holder.invokeSpecial(java.lang.Object, java.lang.Object, java.lang.Object)'> (0x0000000084efd1c0) 
thrown [s\open\src\hotspot\share\interpreter\linkResolver.cpp, line 773]
Event: 0.169 Thread 0x0000017d8b57f2b0 Exception <a 'java/lang/NoSuchMethodError'{0x0000000084d3d160}: 'int java.lang.invoke.DirectMethodHandle$Holder.invokeVirtual(java.lang.Object, java.lang.Object, java.lang.Object)'> (0x0000000084d3d160) 
thrown [s\open\src\hotspot\share\interpreter\linkResolver.cpp, line 773]
Event: 0.170 Thread 0x0000017d8b57f2b0 Exception <a 'java/lang/NoSuchMethodError'{0x0000000084d43180}: 'void java.lang.invoke.DirectMethodHandle$Holder.invokeInterface(java.lang.Object, java.lang.Object, java.lang.Object)'> (0x0000000084d43180) 
thrown [s\open\src\hotspot\share\interpreter\linkResolver.cpp, line 773]
Event: 0.260 Thread 0x0000017d8b57f2b0 Exception <a 'java/lang/NoSuchMethodError'{0x0000000084f78e10}: 'int java.lang.invoke.DirectMethodHandle$Holder.invokeStaticInit(java.lang.Object, java.lang.Object)'> (0x0000000084f78e10) 
thrown [s\open\src\hotspot\share\interpreter\linkResolver.cpp, line 773]
Event: 0.339 Thread 0x0000017d8b57f2b0 Exception <a 'java/lang/NoSuchMethodError'{0x0000000084f316b8}: 'int java.lang.invoke.DirectMethodHandle$Holder.invokeVirtual(java.lang.Object, java.lang.Object)'> (0x0000000084f316b8) 
thrown [s\open\src\hotspot\share\interpreter\linkResolver.cpp, line 773]
Event: 0.343 Thread 0x0000017d8b57f2b0 Exception <a 'java/lang/NoSuchMethodError'{0x0000000084f54248}: 'java.lang.Object java.lang.invoke.DirectMethodHandle$Holder.newInvokeSpecial(java.lang.Object, java.lang.Object, java.lang.Object, java.lang.Object, java.lang.Object)'> (0x0000000084f54248) 
thrown [s\open\src\hotspot\share\interpreter\linkResolver.cpp, line 773]
Event: 0.346 Thread 0x0000017d8b57f2b0 Exception <a 'java/lang/NoSuchMethodError'{0x0000000084f618f0}: 'java.lang.Object java.lang.invoke.DirectMethodHandle$Holder.newInvokeSpecial(java.lang.Object, java.lang.Object, java.lang.Object, java.lang.Object, java.lang.Object, java.lang.Object)'> (0x0000000084f618f0) 
thrown [s\open\src\hotspot\share\interpreter\linkResolver.cpp, line 773]
Event: 0.363 Thread 0x0000017d8b57f2b0 Exception <a 'java/lang/NoSuchMethodError'{0x0000000084faad70}: 'java.lang.Object java.lang.invoke.DirectMethodHandle$Holder.invokeVirtual(java.lang.Object, java.lang.Object, java.lang.Object)'> (0x0000000084faad70) 
thrown [s\open\src\hotspot\share\interpreter\linkResolver.cpp, line 773]
Event: 0.366 Thread 0x0000017d8b57f2b0 Exception <a 'java/lang/NoSuchMethodError'{0x0000000084fb4ce8}: 'int java.lang.invoke.DirectMethodHandle$Holder.invokeInterface(java.lang.Object, java.lang.Object)'> (0x0000000084fb4ce8) 
thrown [s\open\src\hotspot\share\interpreter\linkResolver.cpp, line 773]
Event: 0.368 Thread 0x0000017d8b57f2b0 Exception <a 'sun/nio/fs/WindowsException'{0x0000000084fbabe8}> (0x0000000084fbabe8) 
thrown [s\open\src\hotspot\share\prims\jni.cpp, line 520]

ZGC Phase Switch (0 events):
No events

VM Operations (10 events):
Event: 0.148 Executing VM operation: HandshakeAllThreads (Deoptimize)
Event: 0.149 Executing VM operation: HandshakeAllThreads (Deoptimize) done
Event: 0.184 Executing VM operation: HandshakeAllThreads (Deoptimize)
Event: 0.184 Executing VM operation: HandshakeAllThreads (Deoptimize) done
Event: 0.207 Executing VM operation: G1CollectForAllocation (G1 Evacuation Pause)
Event: 0.211 Executing VM operation: G1CollectForAllocation (G1 Evacuation Pause) done
Event: 0.317 Executing VM operation: G1CollectForAllocation (G1 Evacuation Pause)
Event: 0.321 Executing VM operation: G1CollectForAllocation (G1 Evacuation Pause) done
Event: 0.372 Executing VM operation: HandshakeAllThreads (Deoptimize)
Event: 0.372 Executing VM operation: HandshakeAllThreads (Deoptimize) done

Events (11 events):
Event: 0.029 Thread 0x0000017d8b57f2b0 Thread added: 0x0000017d8b57f2b0
Event: 0.046 Thread 0x0000017da81ab7e0 Thread added: 0x0000017da81ab7e0
Event: 0.046 Thread 0x0000017da81aed30 Thread added: 0x0000017da81aed30
Event: 0.046 Thread 0x0000017da81b4d00 Thread added: 0x0000017da81b4d00
Event: 0.046 Thread 0x0000017da81b70c0 Thread added: 0x0000017da81b70c0
Event: 0.046 Thread 0x0000017da81b7f30 Thread added: 0x0000017da81b7f30
Event: 0.047 Thread 0x0000017da81baee0 Thread added: 0x0000017da81baee0
Event: 0.047 Thread 0x0000017da81c5b90 Thread added: 0x0000017da81c5b90
Event: 0.047 Thread 0x0000017da81cec90 Thread added: 0x0000017da81cec90
Event: 0.062 Thread 0x0000017da81bb570 Thread added: 0x0000017da81bb570
Event: 0.079 Thread 0x0000017da81ba850 Thread added: 0x0000017da81ba850


Dynamic libraries:
0x00007ff7f1be0000 - 0x00007ff7f1be8000 	C:\Program Files\Java\jdk-21\bin\javac.exe
0x00007ffc04530000 - 0x00007ffc04747000 	C:\WINDOWS\SYSTEM32\ntdll.dll
0x00007ffc02ac0000 - 0x00007ffc02b84000 	C:\WINDOWS\System32\KERNEL32.DLL
0x00007ffc01ab0000 - 0x00007ffc01e6a000 	C:\WINDOWS\System32\KERNELBASE.dll
0x00007ffc018e0000 - 0x00007ffc019f1000 	C:\WINDOWS\System32\ucrtbase.dll
0x00007ffbc7eb0000 - 0x00007ffbc7ec9000 	C:\Program Files\Java\jdk-21\bin\jli.dll
0x00007ffbe8830000 - 0x00007ffbe884b000 	C:\Program Files\Java\jdk-21\bin\VCRUNTIME140.dll
0x00007ffc042b0000 - 0x00007ffc04362000 	C:\WINDOWS\System32\ADVAPI32.dll
0x00007ffc03da0000 - 0x00007ffc03e47000 	C:\WINDOWS\System32\msvcrt.dll
0x00007ffc032a0000 - 0x00007ffc03347000 	C:\WINDOWS\System32\sechost.dll
0x00007ffc01a80000 - 0x00007ffc01aa8000 	C:\WINDOWS\System32\bcrypt.dll
0x00007ffc04370000 - 0x00007ffc04484000 	C:\WINDOWS\System32\RPCRT4.dll
0x00007ffc03a10000 - 0x00007ffc03bbe000 	C:\WINDOWS\System32\USER32.dll
0x00007ffc018b0000 - 0x00007ffc018d6000 	C:\WINDOWS\System32\win32u.dll
0x00007ffc02c20000 - 0x00007ffc02c49000 	C:\WINDOWS\System32\GDI32.dll
0x00007ffbea430000 - 0x00007ffbea6c2000 	C:\WINDOWS\WinSxS\amd64_microsoft.windows.common-controls_6595b64144ccf1df_6.0.22621.4541_none_2710d1c57384c085\COMCTL32.dll
0x00007ffc01e70000 - 0x00007ffc01f8b000 	C:\WINDOWS\System32\gdi32full.dll
0x00007ffc01810000 - 0x00007ffc018aa000 	C:\WINDOWS\System32\msvcp_win.dll
0x00007ffbf5e10000 - 0x00007ffbf5e1a000 	C:\WINDOWS\SYSTEM32\VERSION.dll
0x00007ffc035f0000 - 0x00007ffc03621000 	C:\WINDOWS\System32\IMM32.DLL
0x00007ffbfb5d0000 - 0x00007ffbfb5dc000 	C:\Program Files\Java\jdk-21\bin\vcruntime140_1.dll
0x00007ffb805f0000 - 0x00007ffb8067e000 	C:\Program Files\Java\jdk-21\bin\msvcp140.dll
0x00007ffb67e50000 - 0x00007ffb68b67000 	C:\Program Files\Java\jdk-21\bin\server\jvm.dll
0x00007ffc03630000 - 0x00007ffc036a1000 	C:\WINDOWS\System32\WS2_32.dll
0x00007ffc00690000 - 0x00007ffc006dd000 	C:\WINDOWS\SYSTEM32\POWRPROF.dll
0x00007ffbfb460000 - 0x00007ffbfb494000 	C:\WINDOWS\SYSTEM32\WINMM.dll
0x00007ffc00650000 - 0x00007ffc00663000 	C:\WINDOWS\SYSTEM32\UMPDC.dll
0x00007ffc00920000 - 0x00007ffc00938000 	C:\WINDOWS\SYSTEM32\kernel.appcore.dll
0x00007ffbf4fb0000 - 0x00007ffbf4fba000 	C:\Program Files\Java\jdk-21\bin\jimage.dll
0x00007ffbfeb00000 - 0x00007ffbfed32000 	C:\WINDOWS\SYSTEM32\DBGHELP.DLL
0x00007ffc03f20000 - 0x00007ffc042af000 	C:\WINDOWS\System32\combase.dll
0x00007ffc03350000 - 0x00007ffc03427000 	C:\WINDOWS\System32\OLEAUT32.dll
0x00007ffbeea30000 - 0x00007ffbeea62000 	C:\WINDOWS\SYSTEM32\dbgcore.DLL
0x00007ffc01a00000 - 0x00007ffc01a7b000 	C:\WINDOWS\System32\bcryptPrimitives.dll
0x00007ffbc5980000 - 0x00007ffbc599f000 	C:\Program Files\Java\jdk-21\bin\java.dll
0x00007ffc02240000 - 0x00007ffc02ab8000 	C:\WINDOWS\System32\SHELL32.dll
0x00007ffbff710000 - 0x00007ffc00018000 	C:\WINDOWS\SYSTEM32\windows.storage.dll
0x00007ffbff5d0000 - 0x00007ffbff70f000 	C:\WINDOWS\SYSTEM32\wintypes.dll
0x00007ffc02d20000 - 0x00007ffc02e1a000 	C:\WINDOWS\System32\SHCORE.dll
0x00007ffc03ec0000 - 0x00007ffc03f1e000 	C:\WINDOWS\System32\shlwapi.dll
0x00007ffc01740000 - 0x00007ffc0176b000 	C:\WINDOWS\SYSTEM32\profapi.dll
0x00007ffb6f160000 - 0x00007ffb6f237000 	C:\Program Files\Java\jdk-21\bin\jsvml.dll
0x00007ffbee720000 - 0x00007ffbee730000 	C:\Program Files\Java\jdk-21\bin\net.dll
0x00007ffbfcf10000 - 0x00007ffbfd046000 	C:\WINDOWS\SYSTEM32\WINHTTP.dll
0x00007ffc00dc0000 - 0x00007ffc00e29000 	C:\WINDOWS\system32\mswsock.dll
0x00007ffbc2bf0000 - 0x00007ffbc2c06000 	C:\Program Files\Java\jdk-21\bin\nio.dll

dbghelp: loaded successfully - version: 4.0.5 - missing functions: none
symbol engine: initialized successfully - sym options: 0x614 - pdb path: .;C:\Program Files\Java\jdk-21\bin;C:\WINDOWS\SYSTEM32;C:\WINDOWS\WinSxS\amd64_microsoft.windows.common-controls_6595b64144ccf1df_6.0.22621.4541_none_2710d1c57384c085;C:\Program Files\Java\jdk-21\bin\server

VM Arguments:
jvm_args: -Dapplication.home=C:\Program Files\Java\jdk-21 --add-modules=ALL-DEFAULT -Xms8m -Djdk.module.main=jdk.compiler 
java_command: jdk.compiler/com.sun.tools.javac.Main LoginFrame.java
java_class_path (initial): <not set>
Launcher Type: SUN_STANDARD

[Global flags]
     intx CICompilerCount                          = 4                                         {product} {ergonomic}
     uint ConcGCThreads                            = 3                                         {product} {ergonomic}
     uint G1ConcRefinementThreads                  = 10                                        {product} {ergonomic}
   size_t G1HeapRegionSize                         = 1048576                                   {product} {ergonomic}
    uintx GCDrainStackTargetSize                   = 64                                        {product} {ergonomic}
   size_t InitialHeapSize                          = 8388608                                   {product} {command line}
   size_t MarkStackSize                            = 4194304                                   {product} {ergonomic}
   size_t MaxHeapSize                              = 2071986176                                {product} {ergonomic}
   size_t MaxNewSize                               = 1242562560                                {product} {ergonomic}
   size_t MinHeapDeltaBytes                        = 1048576                                   {product} {ergonomic}
   size_t MinHeapSize                              = 8388608                                   {product} {command line}
    uintx NonNMethodCodeHeapSize                   = 5839372                                {pd product} {ergonomic}
    uintx NonProfiledCodeHeapSize                  = 122909434                              {pd product} {ergonomic}
    uintx ProfiledCodeHeapSize                     = 122909434                              {pd product} {ergonomic}
    uintx ReservedCodeCacheSize                    = 251658240                              {pd product} {ergonomic}
     bool SegmentedCodeCache                       = true                                      {product} {ergonomic}
   size_t SoftMaxHeapSize                          = 2071986176                             {manageable} {ergonomic}
     bool UseCompressedOops                        = true                           {product lp64_product} {ergonomic}
     bool UseG1GC                                  = true                                      {product} {ergonomic}
     bool UseLargePagesIndividualAllocation        = false                                  {pd product} {ergonomic}

Logging:
Log output configuration:
 #0: stdout all=warning uptime,level,tags foldmultilines=false
 #1: stderr all=off uptime,level,tags foldmultilines=false

Environment Variables:
JAVA_HOME=C:\Users\Millard P. Ardines\AppData\Local\Programs\Eclipse Adoptium\jdk-17.0.9.9-hotspot\
PATH=C:\Program Files\Common Files\Oracle\Java\javapath;C:\Program Files\Java\jre-1.8\bin;C:\ProgramData\Oracle\Java\javapath;C:\Program Files (x86)\Common Files\Intel\Shared Libraries\redist\intel64\compiler;C:\Windows\system32;C:\Windows;C:\Windows\System32\Wbem;C:\Windows\System32\WindowsPowerShell\v1.0\;C:\Windows\System32\OpenSSH\;C:\Program Files (x86)\NVIDIA Corporation\PhysX\Common;C:\WINDOWS\system32;C:\WINDOWS;C:\WINDOWS\System32\Wbem;C:\WINDOWS\System32\WindowsPowerShell\v1.0\;C:\WINDOWS\System32\OpenSSH\;C:\MinGW\bin;C:\Program Files\Java\jdk-21\bin;C:\Program Files (x86)\dotnet\;C:\Program Files\NVIDIA Corporation\NVIDIA App\NvDLISR;C:\flutter\bin;C:\Users\Millard P. Ardines\AppData\Local\Programs\Microsoft VS Code\bin
USERNAME=Millard P. Ardines
LANG=en_US.UTF-8
OS=Windows_NT
PROCESSOR_IDENTIFIER=Intel64 Family 6 Model 154 Stepping 3, GenuineIntel
TMP=C:\Users\MILLAR~1.ARD\AppData\Local\Temp
TEMP=C:\Users\MILLAR~1.ARD\AppData\Local\Temp




Periodic native trim disabled

---------------  S Y S T E M  ---------------

OS:
 Windows 11 , 64 bit Build 22621 (10.0.22621.4391)
OS uptime: 6 days 3:35 hours
Hyper-V role detected

CPU: total 12 (initial active 12) (6 cores per cpu, 2 threads per core) family 6 model 154 stepping 3 microcode 0x42a, cx8, cmov, fxsr, ht, mmx, 3dnowpref, sse, sse2, sse3, ssse3, sse4.1, sse4.2, popcnt, lzcnt, tsc, tscinvbit, avx, avx2, aes, erms, clmul, bmi1, bmi2, adx, sha, fma, vzeroupper, clflush, clflushopt, clwb, hv, serialize, rdtscp, rdpid, fsrm, f16c, cet_ibt, cet_ss
Processor Information for processor 0
  Max Mhz: 2000, Current Mhz: 2000, Mhz Limit: 2000
Processor Information for processor 1
  Max Mhz: 2000, Current Mhz: 2000, Mhz Limit: 2000
Processor Information for processor 2
  Max Mhz: 2000, Current Mhz: 2000, Mhz Limit: 2000
Processor Information for processor 3
  Max Mhz: 2000, Current Mhz: 2000, Mhz Limit: 2000
Processor Information for processor 4
  Max Mhz: 2000, Current Mhz: 2000, Mhz Limit: 2000
Processor Information for processor 5
  Max Mhz: 2000, Current Mhz: 2000, Mhz Limit: 2000
Processor Information for processor 6
  Max Mhz: 2000, Current Mhz: 2000, Mhz Limit: 2000
Processor Information for processor 7
  Max Mhz: 2000, Current Mhz: 2000, Mhz Limit: 2000
Processor Information for processor 8
  Max Mhz: 2000, Current Mhz: 1500, Mhz Limit: 1500
Processor Information for processor 9
  Max Mhz: 2000, Current Mhz: 1500, Mhz Limit: 1500
Processor Information for processor 10
  Max Mhz: 2000, Current Mhz: 1500, Mhz Limit: 1500
Processor Information for processor 11
  Max Mhz: 2000, Current Mhz: 1500, Mhz Limit: 1500

Memory: 4k page, system-wide physical 7896M (259M free)
TotalPageFile size 16088M (AvailPageFile size 31M)
current process WorkingSet (physical memory assigned to process): 58M, peak: 58M
current process commit charge ("private bytes"): 100M, peak: 100M

vm_info: Java HotSpot(TM) 64-Bit Server VM (21.0.2+13-LTS-58) for windows-amd64 JRE (21.0.2+13-LTS-58), built on 2024-01-05T18:32:24Z by "mach5one" with MS VC++ 17.1 (VS2022)

END.
